16:15:27 INFO  : Registering command handlers for SDK TCF services
16:15:28 INFO  : Launching XSCT server: xsct.bat -interactive E:\Xilinx\workspace\ARTY_Z7\ARTY_Z7.sdk\temp_xsdb_launch_script.tcl
16:15:31 INFO  : XSCT server has started successfully.
16:15:34 INFO  : Successfully done setting XSCT server connection channel  
16:15:34 INFO  : Processing command line option -hwspec E:/Xilinx/workspace/ARTY_Z7/ARTY_Z7.sdk/PS_wrapper.hdf.
16:15:34 INFO  : Successfully done setting SDK workspace  
16:36:56 INFO  : Connected to target on host '127.0.0.1' and port '3121'.
16:36:56 INFO  : Jtag cable 'Digilent Arty Z7 003017A5C461A' is selected.
16:36:56 INFO  : 'jtag frequency' command is executed.
16:36:56 INFO  : Sourcing of 'E:/Xilinx/workspace/ARTY_Z7/ARTY_Z7.sdk/PS_wrapper_hw_platform_0/ps7_init.tcl' is done.
16:36:56 INFO  : Context for 'APU' is selected.
16:36:56 INFO  : Hardware design information is loaded from 'E:/Xilinx/workspace/ARTY_Z7/ARTY_Z7.sdk/PS_wrapper_hw_platform_0/system.hdf'.
16:36:56 INFO  : 'configparams force-mem-access 1' command is executed.
16:36:56 INFO  : Context for 'APU' is selected.
16:36:57 INFO  : 'stop' command is executed.
16:36:58 INFO  : 'ps7_init' command is executed.
16:36:58 INFO  : 'ps7_post_config' command is executed.
16:36:58 INFO  : Context for processor 'ps7_cortexa9_0' is selected.
16:36:58 INFO  : Processor reset is completed for 'ps7_cortexa9_0'.
16:36:58 INFO  : Context for processor 'ps7_cortexa9_0' is selected.
16:37:00 ERROR : Memory write error at 0x100000. APB AP transaction error, DAP status f0000021
16:37:00 INFO  : ----------------XSDB Script----------------
connect -url tcp:127.0.0.1:3121
source E:/Xilinx/workspace/ARTY_Z7/ARTY_Z7.sdk/PS_wrapper_hw_platform_0/ps7_init.tcl
targets -set -nocase -filter {name =~"APU*" && jtag_cable_name =~ "Digilent Arty Z7 003017A5C461A"} -index 0
loadhw -hw E:/Xilinx/workspace/ARTY_Z7/ARTY_Z7.sdk/PS_wrapper_hw_platform_0/system.hdf -mem-ranges [list {0x40000000 0xbfffffff}]
configparams force-mem-access 1
targets -set -nocase -filter {name =~"APU*" && jtag_cable_name =~ "Digilent Arty Z7 003017A5C461A"} -index 0
stop
ps7_init
ps7_post_config
targets -set -nocase -filter {name =~ "ARM*#0" && jtag_cable_name =~ "Digilent Arty Z7 003017A5C461A"} -index 0
rst -processor
targets -set -nocase -filter {name =~ "ARM*#0" && jtag_cable_name =~ "Digilent Arty Z7 003017A5C461A"} -index 0
dow E:/Xilinx/workspace/ARTY_Z7/ARTY_Z7.sdk/HerlloWorld/Debug/HerlloWorld.elf
----------------End of Script----------------

16:37:33 INFO  : Registering command handlers for SDK TCF services
16:37:33 INFO  : Launching XSCT server: xsct.bat -interactive E:\Xilinx\workspace\ARTY_Z7\ARTY_Z7.sdk\temp_xsdb_launch_script.tcl
16:37:35 INFO  : XSCT server has started successfully.
16:37:35 INFO  : Successfully done setting XSCT server connection channel  
16:37:35 INFO  : Processing command line option -hwspec E:/Xilinx/workspace/ARTY_Z7/ARTY_Z7.sdk/PS_wrapper.hdf.
16:37:35 INFO  : Successfully done setting SDK workspace  
16:37:35 INFO  : Checking for hwspec changes in the project PS_wrapper_hw_platform_0.
16:37:37 INFO  : SDK has detected change in the last modified timestamps for source hardware specification file Source:1579416368002,  Project:1579418105132
16:37:37 INFO  : The hardware specification for project 'PS_wrapper_hw_platform_0' is different from E:/Xilinx/workspace/ARTY_Z7/ARTY_Z7.sdk/PS_wrapper.hdf.
16:37:37 INFO  : Copied contents of E:/Xilinx/workspace/ARTY_Z7/ARTY_Z7.sdk/PS_wrapper.hdf into \PS_wrapper_hw_platform_0\system.hdf.
16:37:40 INFO  : Synchronizing projects in the workspace with the hardware platform specification changes.
16:37:41 INFO  : 
16:37:42 INFO  : Updating hardware inferred compiler options for HerlloWorld.
16:37:42 INFO  : Clearing existing target manager status.
16:37:48 INFO  : Connected to target on host '127.0.0.1' and port '3121'.
16:37:48 INFO  : 'targets -set -filter {jtag_cable_name =~ "Digilent Arty Z7 003017A5C461A" && level==0} -index 1' command is executed.
16:37:52 ERROR : fpga configuration failed. DONE PIN is not HIGH
16:38:45 INFO  : Connected to target on host '127.0.0.1' and port '3121'.
16:38:45 INFO  : 'targets -set -filter {jtag_cable_name =~ "Digilent Arty Z7 003017A5C461A" && level==0} -index 1' command is executed.
16:38:48 INFO  : FPGA configured successfully with bitstream "E:/Xilinx/workspace/ARTY_Z7/ARTY_Z7.sdk/PS_wrapper_hw_platform_0/PS_wrapper.bit"
16:39:07 INFO  : 'targets -set -filter {jtag_cable_name =~ "Digilent Arty Z7 003017A5C461A" && level==0} -index 1' command is executed.
16:39:07 INFO  : 'fpga -state' command is executed.
16:39:07 INFO  : Connected to target on host '127.0.0.1' and port '3121'.
16:39:07 INFO  : Jtag cable 'Digilent Arty Z7 003017A5C461A' is selected.
16:39:07 INFO  : 'jtag frequency' command is executed.
16:39:07 INFO  : Sourcing of 'E:/Xilinx/workspace/ARTY_Z7/ARTY_Z7.sdk/PS_wrapper_hw_platform_0/ps7_init.tcl' is done.
16:39:07 INFO  : Context for 'APU' is selected.
16:39:07 INFO  : Hardware design information is loaded from 'E:/Xilinx/workspace/ARTY_Z7/ARTY_Z7.sdk/PS_wrapper_hw_platform_0/system.hdf'.
16:39:07 INFO  : 'configparams force-mem-access 1' command is executed.
16:39:07 INFO  : Context for 'APU' is selected.
16:39:07 INFO  : 'stop' command is executed.
16:39:07 INFO  : 'ps7_init' command is executed.
16:39:07 INFO  : 'ps7_post_config' command is executed.
16:39:07 INFO  : Context for processor 'ps7_cortexa9_0' is selected.
16:39:07 INFO  : Processor reset is completed for 'ps7_cortexa9_0'.
16:39:07 INFO  : Context for processor 'ps7_cortexa9_0' is selected.
16:39:08 INFO  : The application 'E:/Xilinx/workspace/ARTY_Z7/ARTY_Z7.sdk/HerlloWorld/Debug/HerlloWorld.elf' is downloaded to processor 'ps7_cortexa9_0'.
16:39:08 INFO  : 'configparams force-mem-access 0' command is executed.
16:39:08 INFO  : ----------------XSDB Script----------------
connect -url tcp:127.0.0.1:3121
source E:/Xilinx/workspace/ARTY_Z7/ARTY_Z7.sdk/PS_wrapper_hw_platform_0/ps7_init.tcl
targets -set -nocase -filter {name =~"APU*" && jtag_cable_name =~ "Digilent Arty Z7 003017A5C461A"} -index 0
loadhw -hw E:/Xilinx/workspace/ARTY_Z7/ARTY_Z7.sdk/PS_wrapper_hw_platform_0/system.hdf -mem-ranges [list {0x40000000 0xbfffffff}]
configparams force-mem-access 1
targets -set -nocase -filter {name =~"APU*" && jtag_cable_name =~ "Digilent Arty Z7 003017A5C461A"} -index 0
stop
ps7_init
ps7_post_config
targets -set -nocase -filter {name =~ "ARM*#0" && jtag_cable_name =~ "Digilent Arty Z7 003017A5C461A"} -index 0
rst -processor
targets -set -nocase -filter {name =~ "ARM*#0" && jtag_cable_name =~ "Digilent Arty Z7 003017A5C461A"} -index 0
dow E:/Xilinx/workspace/ARTY_Z7/ARTY_Z7.sdk/HerlloWorld/Debug/HerlloWorld.elf
configparams force-mem-access 0
----------------End of Script----------------

16:39:08 INFO  : Memory regions updated for context APU
16:39:08 INFO  : Context for processor 'ps7_cortexa9_0' is selected.
16:39:08 INFO  : 'con' command is executed.
16:39:08 INFO  : ----------------XSDB Script (After Launch)----------------
targets -set -nocase -filter {name =~ "ARM*#0" && jtag_cable_name =~ "Digilent Arty Z7 003017A5C461A"} -index 0
con
----------------End of Script----------------

16:39:08 INFO  : Launch script is exported to file 'E:\Xilinx\workspace\ARTY_Z7\ARTY_Z7.sdk\.sdk\launch_scripts\xilinx_c-c++_application_(system_debugger)\system_debugger_using_debug_herlloworld.elf_on_local.tcl'
16:40:01 INFO  : Disconnected from the channel tcfchan#1.
16:40:03 INFO  : 'targets -set -filter {jtag_cable_name =~ "Digilent Arty Z7 003017A5C461A" && level==0} -index 1' command is executed.
16:40:03 INFO  : 'fpga -state' command is executed.
16:40:03 INFO  : Connected to target on host '127.0.0.1' and port '3121'.
16:40:03 INFO  : Jtag cable 'Digilent Arty Z7 003017A5C461A' is selected.
16:40:03 INFO  : 'jtag frequency' command is executed.
16:40:03 INFO  : Sourcing of 'E:/Xilinx/workspace/ARTY_Z7/ARTY_Z7.sdk/PS_wrapper_hw_platform_0/ps7_init.tcl' is done.
16:40:03 INFO  : Context for 'APU' is selected.
16:40:04 INFO  : Hardware design information is loaded from 'E:/Xilinx/workspace/ARTY_Z7/ARTY_Z7.sdk/PS_wrapper_hw_platform_0/system.hdf'.
16:40:04 INFO  : 'configparams force-mem-access 1' command is executed.
16:40:04 INFO  : Context for 'APU' is selected.
16:40:04 INFO  : 'stop' command is executed.
16:40:05 INFO  : 'ps7_init' command is executed.
16:40:05 INFO  : 'ps7_post_config' command is executed.
16:40:05 INFO  : Context for processor 'ps7_cortexa9_0' is selected.
16:40:05 INFO  : Processor reset is completed for 'ps7_cortexa9_0'.
16:40:05 INFO  : Context for processor 'ps7_cortexa9_0' is selected.
16:40:05 INFO  : The application 'E:/Xilinx/workspace/ARTY_Z7/ARTY_Z7.sdk/HW2/Debug/HW2.elf' is downloaded to processor 'ps7_cortexa9_0'.
16:40:05 INFO  : 'configparams force-mem-access 0' command is executed.
16:40:05 INFO  : ----------------XSDB Script----------------
connect -url tcp:127.0.0.1:3121
source E:/Xilinx/workspace/ARTY_Z7/ARTY_Z7.sdk/PS_wrapper_hw_platform_0/ps7_init.tcl
targets -set -nocase -filter {name =~"APU*" && jtag_cable_name =~ "Digilent Arty Z7 003017A5C461A"} -index 0
loadhw -hw E:/Xilinx/workspace/ARTY_Z7/ARTY_Z7.sdk/PS_wrapper_hw_platform_0/system.hdf -mem-ranges [list {0x40000000 0xbfffffff}]
configparams force-mem-access 1
targets -set -nocase -filter {name =~"APU*" && jtag_cable_name =~ "Digilent Arty Z7 003017A5C461A"} -index 0
stop
ps7_init
ps7_post_config
targets -set -nocase -filter {name =~ "ARM*#0" && jtag_cable_name =~ "Digilent Arty Z7 003017A5C461A"} -index 0
rst -processor
targets -set -nocase -filter {name =~ "ARM*#0" && jtag_cable_name =~ "Digilent Arty Z7 003017A5C461A"} -index 0
dow E:/Xilinx/workspace/ARTY_Z7/ARTY_Z7.sdk/HW2/Debug/HW2.elf
configparams force-mem-access 0
----------------End of Script----------------

16:40:05 INFO  : Memory regions updated for context APU
16:40:05 INFO  : Context for processor 'ps7_cortexa9_0' is selected.
16:40:05 INFO  : 'con' command is executed.
16:40:05 INFO  : ----------------XSDB Script (After Launch)----------------
targets -set -nocase -filter {name =~ "ARM*#0" && jtag_cable_name =~ "Digilent Arty Z7 003017A5C461A"} -index 0
con
----------------End of Script----------------

16:40:05 INFO  : Launch script is exported to file 'E:\Xilinx\workspace\ARTY_Z7\ARTY_Z7.sdk\.sdk\launch_scripts\xilinx_c-c++_application_(system_debugger)\system_debugger_using_debug_hw2.elf_on_local.tcl'
16:40:30 INFO  : Disconnected from the channel tcfchan#2.
16:40:31 INFO  : 'targets -set -filter {jtag_cable_name =~ "Digilent Arty Z7 003017A5C461A" && level==0} -index 1' command is executed.
16:40:31 INFO  : 'fpga -state' command is executed.
16:40:31 INFO  : Connected to target on host '127.0.0.1' and port '3121'.
16:40:31 INFO  : Jtag cable 'Digilent Arty Z7 003017A5C461A' is selected.
16:40:31 INFO  : 'jtag frequency' command is executed.
16:40:31 INFO  : Sourcing of 'E:/Xilinx/workspace/ARTY_Z7/ARTY_Z7.sdk/PS_wrapper_hw_platform_0/ps7_init.tcl' is done.
16:40:31 INFO  : Context for 'APU' is selected.
16:40:31 INFO  : Hardware design information is loaded from 'E:/Xilinx/workspace/ARTY_Z7/ARTY_Z7.sdk/PS_wrapper_hw_platform_0/system.hdf'.
16:40:31 INFO  : 'configparams force-mem-access 1' command is executed.
16:40:31 INFO  : Context for 'APU' is selected.
16:40:31 INFO  : 'stop' command is executed.
16:40:31 INFO  : 'ps7_init' command is executed.
16:40:31 INFO  : 'ps7_post_config' command is executed.
16:40:31 INFO  : Context for processor 'ps7_cortexa9_0' is selected.
16:40:31 INFO  : Processor reset is completed for 'ps7_cortexa9_0'.
16:40:31 INFO  : Context for processor 'ps7_cortexa9_0' is selected.
16:40:32 INFO  : The application 'E:/Xilinx/workspace/ARTY_Z7/ARTY_Z7.sdk/HW2/Debug/HW2.elf' is downloaded to processor 'ps7_cortexa9_0'.
16:40:32 INFO  : 'configparams force-mem-access 0' command is executed.
16:40:32 INFO  : ----------------XSDB Script----------------
connect -url tcp:127.0.0.1:3121
source E:/Xilinx/workspace/ARTY_Z7/ARTY_Z7.sdk/PS_wrapper_hw_platform_0/ps7_init.tcl
targets -set -nocase -filter {name =~"APU*" && jtag_cable_name =~ "Digilent Arty Z7 003017A5C461A"} -index 0
loadhw -hw E:/Xilinx/workspace/ARTY_Z7/ARTY_Z7.sdk/PS_wrapper_hw_platform_0/system.hdf -mem-ranges [list {0x40000000 0xbfffffff}]
configparams force-mem-access 1
targets -set -nocase -filter {name =~"APU*" && jtag_cable_name =~ "Digilent Arty Z7 003017A5C461A"} -index 0
stop
ps7_init
ps7_post_config
targets -set -nocase -filter {name =~ "ARM*#0" && jtag_cable_name =~ "Digilent Arty Z7 003017A5C461A"} -index 0
rst -processor
targets -set -nocase -filter {name =~ "ARM*#0" && jtag_cable_name =~ "Digilent Arty Z7 003017A5C461A"} -index 0
dow E:/Xilinx/workspace/ARTY_Z7/ARTY_Z7.sdk/HW2/Debug/HW2.elf
configparams force-mem-access 0
----------------End of Script----------------

16:40:32 INFO  : Memory regions updated for context APU
16:40:32 INFO  : Context for processor 'ps7_cortexa9_0' is selected.
16:40:32 INFO  : 'con' command is executed.
16:40:32 INFO  : ----------------XSDB Script (After Launch)----------------
targets -set -nocase -filter {name =~ "ARM*#0" && jtag_cable_name =~ "Digilent Arty Z7 003017A5C461A"} -index 0
con
----------------End of Script----------------

16:40:32 INFO  : Launch script is exported to file 'E:\Xilinx\workspace\ARTY_Z7\ARTY_Z7.sdk\.sdk\launch_scripts\xilinx_c-c++_application_(system_debugger)\system_debugger_using_debug_hw2.elf_on_local.tcl'
18:00:36 INFO  : Disconnected from the channel tcfchan#3.
18:00:37 INFO  : 'targets -set -filter {jtag_cable_name =~ "Digilent Arty Z7 003017A5C461A" && level==0} -index 1' command is executed.
18:00:37 INFO  : 'fpga -state' command is executed.
18:00:37 INFO  : Connected to target on host '127.0.0.1' and port '3121'.
18:00:37 INFO  : Jtag cable 'Digilent Arty Z7 003017A5C461A' is selected.
18:00:37 INFO  : 'jtag frequency' command is executed.
18:00:37 INFO  : Sourcing of 'E:/Xilinx/workspace/ARTY_Z7/ARTY_Z7.sdk/PS_wrapper_hw_platform_0/ps7_init.tcl' is done.
18:00:37 INFO  : Context for 'APU' is selected.
18:00:37 INFO  : Hardware design information is loaded from 'E:/Xilinx/workspace/ARTY_Z7/ARTY_Z7.sdk/PS_wrapper_hw_platform_0/system.hdf'.
18:00:37 INFO  : 'configparams force-mem-access 1' command is executed.
18:00:37 INFO  : Context for 'APU' is selected.
18:00:37 INFO  : 'stop' command is executed.
18:00:37 INFO  : 'ps7_init' command is executed.
18:00:37 INFO  : 'ps7_post_config' command is executed.
18:00:37 INFO  : Context for processor 'ps7_cortexa9_0' is selected.
18:00:37 INFO  : Processor reset is completed for 'ps7_cortexa9_0'.
18:00:37 INFO  : Context for processor 'ps7_cortexa9_0' is selected.
18:00:38 INFO  : The application 'E:/Xilinx/workspace/ARTY_Z7/ARTY_Z7.sdk/HW2/Debug/HW2.elf' is downloaded to processor 'ps7_cortexa9_0'.
18:00:38 INFO  : 'configparams force-mem-access 0' command is executed.
18:00:38 INFO  : ----------------XSDB Script----------------
connect -url tcp:127.0.0.1:3121
source E:/Xilinx/workspace/ARTY_Z7/ARTY_Z7.sdk/PS_wrapper_hw_platform_0/ps7_init.tcl
targets -set -nocase -filter {name =~"APU*" && jtag_cable_name =~ "Digilent Arty Z7 003017A5C461A"} -index 0
loadhw -hw E:/Xilinx/workspace/ARTY_Z7/ARTY_Z7.sdk/PS_wrapper_hw_platform_0/system.hdf -mem-ranges [list {0x40000000 0xbfffffff}]
configparams force-mem-access 1
targets -set -nocase -filter {name =~"APU*" && jtag_cable_name =~ "Digilent Arty Z7 003017A5C461A"} -index 0
stop
ps7_init
ps7_post_config
targets -set -nocase -filter {name =~ "ARM*#0" && jtag_cable_name =~ "Digilent Arty Z7 003017A5C461A"} -index 0
rst -processor
targets -set -nocase -filter {name =~ "ARM*#0" && jtag_cable_name =~ "Digilent Arty Z7 003017A5C461A"} -index 0
dow E:/Xilinx/workspace/ARTY_Z7/ARTY_Z7.sdk/HW2/Debug/HW2.elf
configparams force-mem-access 0
----------------End of Script----------------

18:00:38 INFO  : Memory regions updated for context APU
18:00:38 INFO  : Context for processor 'ps7_cortexa9_0' is selected.
18:00:38 INFO  : 'con' command is executed.
18:00:38 INFO  : ----------------XSDB Script (After Launch)----------------
targets -set -nocase -filter {name =~ "ARM*#0" && jtag_cable_name =~ "Digilent Arty Z7 003017A5C461A"} -index 0
con
----------------End of Script----------------

18:00:38 INFO  : Launch script is exported to file 'E:\Xilinx\workspace\ARTY_Z7\ARTY_Z7.sdk\.sdk\launch_scripts\xilinx_c-c++_application_(system_debugger)\system_debugger_using_debug_hw2.elf_on_local.tcl'
18:01:09 INFO  : Disconnected from the channel tcfchan#4.
18:01:10 INFO  : 'targets -set -filter {jtag_cable_name =~ "Digilent Arty Z7 003017A5C461A" && level==0} -index 1' command is executed.
18:01:10 INFO  : 'fpga -state' command is executed.
18:01:10 INFO  : Connected to target on host '127.0.0.1' and port '3121'.
18:01:10 INFO  : Jtag cable 'Digilent Arty Z7 003017A5C461A' is selected.
18:01:10 INFO  : 'jtag frequency' command is executed.
18:01:10 INFO  : Sourcing of 'E:/Xilinx/workspace/ARTY_Z7/ARTY_Z7.sdk/PS_wrapper_hw_platform_0/ps7_init.tcl' is done.
18:01:10 INFO  : Context for 'APU' is selected.
18:01:10 INFO  : Hardware design information is loaded from 'E:/Xilinx/workspace/ARTY_Z7/ARTY_Z7.sdk/PS_wrapper_hw_platform_0/system.hdf'.
18:01:10 INFO  : 'configparams force-mem-access 1' command is executed.
18:01:10 INFO  : Context for 'APU' is selected.
18:01:10 INFO  : 'stop' command is executed.
18:01:10 INFO  : 'ps7_init' command is executed.
18:01:10 INFO  : 'ps7_post_config' command is executed.
18:01:10 INFO  : Context for processor 'ps7_cortexa9_0' is selected.
18:01:10 INFO  : Processor reset is completed for 'ps7_cortexa9_0'.
18:01:10 INFO  : Context for processor 'ps7_cortexa9_0' is selected.
18:01:10 INFO  : The application 'E:/Xilinx/workspace/ARTY_Z7/ARTY_Z7.sdk/HW2/Debug/HW2.elf' is downloaded to processor 'ps7_cortexa9_0'.
18:01:10 INFO  : 'configparams force-mem-access 0' command is executed.
18:01:10 INFO  : ----------------XSDB Script----------------
connect -url tcp:127.0.0.1:3121
source E:/Xilinx/workspace/ARTY_Z7/ARTY_Z7.sdk/PS_wrapper_hw_platform_0/ps7_init.tcl
targets -set -nocase -filter {name =~"APU*" && jtag_cable_name =~ "Digilent Arty Z7 003017A5C461A"} -index 0
loadhw -hw E:/Xilinx/workspace/ARTY_Z7/ARTY_Z7.sdk/PS_wrapper_hw_platform_0/system.hdf -mem-ranges [list {0x40000000 0xbfffffff}]
configparams force-mem-access 1
targets -set -nocase -filter {name =~"APU*" && jtag_cable_name =~ "Digilent Arty Z7 003017A5C461A"} -index 0
stop
ps7_init
ps7_post_config
targets -set -nocase -filter {name =~ "ARM*#0" && jtag_cable_name =~ "Digilent Arty Z7 003017A5C461A"} -index 0
rst -processor
targets -set -nocase -filter {name =~ "ARM*#0" && jtag_cable_name =~ "Digilent Arty Z7 003017A5C461A"} -index 0
dow E:/Xilinx/workspace/ARTY_Z7/ARTY_Z7.sdk/HW2/Debug/HW2.elf
configparams force-mem-access 0
----------------End of Script----------------

18:01:11 INFO  : Memory regions updated for context APU
18:01:11 INFO  : Context for processor 'ps7_cortexa9_0' is selected.
18:01:11 INFO  : 'con' command is executed.
18:01:11 INFO  : ----------------XSDB Script (After Launch)----------------
targets -set -nocase -filter {name =~ "ARM*#0" && jtag_cable_name =~ "Digilent Arty Z7 003017A5C461A"} -index 0
con
----------------End of Script----------------

18:01:11 INFO  : Launch script is exported to file 'E:\Xilinx\workspace\ARTY_Z7\ARTY_Z7.sdk\.sdk\launch_scripts\xilinx_c-c++_application_(system_debugger)\system_debugger_using_debug_hw2.elf_on_local.tcl'
18:20:30 INFO  : Disconnected from the channel tcfchan#5.
