19:37:22 INFO  : Registering command handlers for SDK TCF services
19:37:22 INFO  : Launching XSCT server: xsct.bat -interactive E:\Xilinx\workspace\ARTY_Z7\project_1\project_1.sdk\temp_xsdb_launch_script.tcl
19:37:24 INFO  : XSCT server has started successfully.
19:37:24 INFO  : Processing command line option -hwspec E:/Xilinx/workspace/ARTY_Z7/project_1/project_1.sdk/design_1_wrapper.hdf.
19:37:24 INFO  : Successfully done setting XSCT server connection channel  
19:37:24 INFO  : Successfully done setting SDK workspace  
19:39:48 INFO  : Connected to target on host '127.0.0.1' and port '3121'.
19:39:50 INFO  : 'targets -set -filter {jtag_cable_name =~ "Digilent Arty Z7 003017A5C461A" && level==0} -index 1' command is executed.
19:39:53 INFO  : FPGA configured successfully with bitstream "E:/Xilinx/workspace/ARTY_Z7/project_1/project_1.sdk/design_1_wrapper_hw_platform_0/design_1_wrapper.bit"
19:40:12 INFO  : 'targets -set -filter {jtag_cable_name =~ "Digilent Arty Z7 003017A5C461A" && level==0} -index 1' command is executed.
19:40:12 INFO  : 'fpga -state' command is executed.
19:40:12 INFO  : Connected to target on host '127.0.0.1' and port '3121'.
19:40:12 INFO  : Jtag cable 'Digilent Arty Z7 003017A5C461A' is selected.
19:40:12 INFO  : 'jtag frequency' command is executed.
19:40:12 INFO  : Sourcing of 'E:/Xilinx/workspace/ARTY_Z7/project_1/project_1.sdk/design_1_wrapper_hw_platform_0/ps7_init.tcl' is done.
19:40:12 INFO  : Context for 'APU' is selected.
19:40:12 INFO  : Hardware design information is loaded from 'E:/Xilinx/workspace/ARTY_Z7/project_1/project_1.sdk/design_1_wrapper_hw_platform_0/system.hdf'.
19:40:12 INFO  : 'configparams force-mem-access 1' command is executed.
19:40:12 INFO  : Context for 'APU' is selected.
19:40:12 INFO  : 'stop' command is executed.
19:40:12 INFO  : 'ps7_init' command is executed.
19:40:12 INFO  : 'ps7_post_config' command is executed.
19:40:12 INFO  : Context for processor 'ps7_cortexa9_0' is selected.
19:40:12 INFO  : Processor reset is completed for 'ps7_cortexa9_0'.
19:40:12 INFO  : Context for processor 'ps7_cortexa9_0' is selected.
19:40:12 INFO  : The application 'E:/Xilinx/workspace/ARTY_Z7/project_1/project_1.sdk/helloworld/Debug/helloworld.elf' is downloaded to processor 'ps7_cortexa9_0'.
19:40:12 INFO  : 'configparams force-mem-access 0' command is executed.
19:40:12 INFO  : ----------------XSDB Script----------------
connect -url tcp:127.0.0.1:3121
source E:/Xilinx/workspace/ARTY_Z7/project_1/project_1.sdk/design_1_wrapper_hw_platform_0/ps7_init.tcl
targets -set -nocase -filter {name =~"APU*" && jtag_cable_name =~ "Digilent Arty Z7 003017A5C461A"} -index 0
loadhw -hw E:/Xilinx/workspace/ARTY_Z7/project_1/project_1.sdk/design_1_wrapper_hw_platform_0/system.hdf -mem-ranges [list {0x40000000 0xbfffffff}]
configparams force-mem-access 1
targets -set -nocase -filter {name =~"APU*" && jtag_cable_name =~ "Digilent Arty Z7 003017A5C461A"} -index 0
stop
ps7_init
ps7_post_config
targets -set -nocase -filter {name =~ "ARM*#0" && jtag_cable_name =~ "Digilent Arty Z7 003017A5C461A"} -index 0
rst -processor
targets -set -nocase -filter {name =~ "ARM*#0" && jtag_cable_name =~ "Digilent Arty Z7 003017A5C461A"} -index 0
dow E:/Xilinx/workspace/ARTY_Z7/project_1/project_1.sdk/helloworld/Debug/helloworld.elf
configparams force-mem-access 0
----------------End of Script----------------

19:40:13 INFO  : Memory regions updated for context APU
19:40:13 INFO  : Context for processor 'ps7_cortexa9_0' is selected.
19:40:13 INFO  : 'con' command is executed.
19:40:13 INFO  : ----------------XSDB Script (After Launch)----------------
targets -set -nocase -filter {name =~ "ARM*#0" && jtag_cable_name =~ "Digilent Arty Z7 003017A5C461A"} -index 0
con
----------------End of Script----------------

19:40:13 INFO  : Launch script is exported to file 'E:\Xilinx\workspace\ARTY_Z7\project_1\project_1.sdk\.sdk\launch_scripts\xilinx_c-c++_application_(system_debugger)\system_debugger_using_debug_helloworld.elf_on_local.tcl'
19:41:40 INFO  : Disconnected from the channel tcfchan#1.
19:41:41 INFO  : 'targets -set -filter {jtag_cable_name =~ "Digilent Arty Z7 003017A5C461A" && level==0} -index 1' command is executed.
19:41:41 INFO  : 'fpga -state' command is executed.
19:41:41 INFO  : Connected to target on host '127.0.0.1' and port '3121'.
19:41:41 INFO  : Jtag cable 'Digilent Arty Z7 003017A5C461A' is selected.
19:41:41 INFO  : 'jtag frequency' command is executed.
19:41:41 INFO  : Sourcing of 'E:/Xilinx/workspace/ARTY_Z7/project_1/project_1.sdk/design_1_wrapper_hw_platform_0/ps7_init.tcl' is done.
19:41:41 INFO  : Context for 'APU' is selected.
19:41:43 INFO  : Hardware design information is loaded from 'E:/Xilinx/workspace/ARTY_Z7/project_1/project_1.sdk/design_1_wrapper_hw_platform_0/system.hdf'.
19:41:43 INFO  : 'configparams force-mem-access 1' command is executed.
19:41:43 INFO  : Context for 'APU' is selected.
19:41:43 INFO  : 'stop' command is executed.
19:41:43 INFO  : 'ps7_init' command is executed.
19:41:43 INFO  : 'ps7_post_config' command is executed.
19:41:43 INFO  : Context for processor 'ps7_cortexa9_0' is selected.
19:41:44 INFO  : Processor reset is completed for 'ps7_cortexa9_0'.
19:41:44 INFO  : Context for processor 'ps7_cortexa9_0' is selected.
19:41:44 INFO  : The application 'E:/Xilinx/workspace/ARTY_Z7/project_1/project_1.sdk/helloworld/Debug/helloworld.elf' is downloaded to processor 'ps7_cortexa9_0'.
19:41:44 INFO  : 'configparams force-mem-access 0' command is executed.
19:41:44 INFO  : ----------------XSDB Script----------------
connect -url tcp:127.0.0.1:3121
source E:/Xilinx/workspace/ARTY_Z7/project_1/project_1.sdk/design_1_wrapper_hw_platform_0/ps7_init.tcl
targets -set -nocase -filter {name =~"APU*" && jtag_cable_name =~ "Digilent Arty Z7 003017A5C461A"} -index 0
loadhw -hw E:/Xilinx/workspace/ARTY_Z7/project_1/project_1.sdk/design_1_wrapper_hw_platform_0/system.hdf -mem-ranges [list {0x40000000 0xbfffffff}]
configparams force-mem-access 1
targets -set -nocase -filter {name =~"APU*" && jtag_cable_name =~ "Digilent Arty Z7 003017A5C461A"} -index 0
stop
ps7_init
ps7_post_config
targets -set -nocase -filter {name =~ "ARM*#0" && jtag_cable_name =~ "Digilent Arty Z7 003017A5C461A"} -index 0
rst -processor
targets -set -nocase -filter {name =~ "ARM*#0" && jtag_cable_name =~ "Digilent Arty Z7 003017A5C461A"} -index 0
dow E:/Xilinx/workspace/ARTY_Z7/project_1/project_1.sdk/helloworld/Debug/helloworld.elf
configparams force-mem-access 0
----------------End of Script----------------

19:41:44 INFO  : Memory regions updated for context APU
19:41:44 INFO  : Context for processor 'ps7_cortexa9_0' is selected.
19:41:44 INFO  : 'con' command is executed.
19:41:44 INFO  : ----------------XSDB Script (After Launch)----------------
targets -set -nocase -filter {name =~ "ARM*#0" && jtag_cable_name =~ "Digilent Arty Z7 003017A5C461A"} -index 0
con
----------------End of Script----------------

19:41:44 INFO  : Launch script is exported to file 'E:\Xilinx\workspace\ARTY_Z7\project_1\project_1.sdk\.sdk\launch_scripts\xilinx_c-c++_application_(system_debugger)\system_debugger_using_debug_helloworld.elf_on_local.tcl'
20:04:54 INFO  : Disconnected from the channel tcfchan#2.
