#-----------------------------------------------------------
# Webtalk v2018.3 (64-bit)
# SW Build 2405991 on Thu Dec  6 23:38:27 MST 2018
# 
# Start of session at: Tue Feb 11 20:55:22 2020
# Process ID: 19432
# Current directory: E:/Xilinx/workspace/PYNQ_Z2/project_LCD_withZynq/project_LCD.sdk/webtalk
# Command line: wbtcv.exe -mode batch -source sdk_webtalk.tcl
# Log file: E:/Xilinx/workspace/PYNQ_Z2/project_LCD_withZynq/project_LCD.sdk/webtalk/webtalk.log
# Journal file: E:/Xilinx/workspace/PYNQ_Z2/project_LCD_withZynq/project_LCD.sdk/webtalk\webtalk.jou
#-----------------------------------------------------------
source sdk_webtalk.tcl
# webtalk_init -webtalk_dir E:\\Xilinx\\workspace\\PYNQ_Z2\\project_LCD_withZynq\\project_LCD.sdk\\webtalk
# webtalk_register_client -client project
# webtalk_add_data -client project -key date_generated -value "2020-02-11 20:55:21" -context "software_version_and_target_device"
# webtalk_add_data -client project -key product_version -value "SDK v2018.3" -context "software_version_and_target_device"
# webtalk_add_data -client project -key build_version -value "2018.3" -context "software_version_and_target_device"
# webtalk_add_data -client project -key os_platform -value "amd64" -context "software_version_and_target_device"
# webtalk_add_data -client project -key registration_id -value "" -context "software_version_and_target_device"
# webtalk_add_data -client project -key tool_flow -value "SDK" -context "software_version_and_target_device"
# webtalk_add_data -client project -key beta -value "false" -context "software_version_and_target_device"
# webtalk_add_data -client project -key route_design -value "NA" -context "software_version_and_target_device"
# webtalk_add_data -client project -key target_family -value "NA" -context "software_version_and_target_device"
# webtalk_add_data -client project -key target_device -value "NA" -context "software_version_and_target_device"
# webtalk_add_data -client project -key target_package -value "NA" -context "software_version_and_target_device"
# webtalk_add_data -client project -key target_speed -value "NA" -context "software_version_and_target_device"
# webtalk_add_data -client project -key random_id -value "15o0hl15ppuc6hiv414ja4vcvi" -context "software_version_and_target_device"
# webtalk_add_data -client project -key project_id -value "2018.3_18" -context "software_version_and_target_device"
# webtalk_add_data -client project -key project_iteration -value "18" -context "software_version_and_target_device"
# webtalk_add_data -client project -key os_name -value "Microsoft Windows 8 or later , 64-bit" -context "user_environment"
# webtalk_add_data -client project -key os_release -value "major release  (build 9200)" -context "user_environment"
# webtalk_add_data -client project -key cpu_name -value "Intel(R) Core(TM) i5-7600K CPU @ 3.80GHz" -context "user_environment"
# webtalk_add_data -client project -key cpu_speed -value "3792 MHz" -context "user_environment"
# webtalk_add_data -client project -key total_processors -value "1" -context "user_environment"
# webtalk_add_data -client project -key system_ram -value "17.101 GB" -context "user_environment"
# webtalk_register_client -client sdk
# webtalk_add_data -client sdk -key uid -value "1581420544012" -context "sdk\\\\hardware/1581420544012"
# webtalk_add_data -client sdk -key isZynq -value "true" -context "sdk\\\\hardware/1581420544012"
# webtalk_add_data -client sdk -key isZynqMP -value "false" -context "sdk\\\\hardware/1581420544012"
# webtalk_add_data -client sdk -key Processors -value "0" -context "sdk\\\\hardware/1581420544012"
# webtalk_add_data -client sdk -key VivadoVersion -value "2018.3" -context "sdk\\\\hardware/1581420544012"
# webtalk_add_data -client sdk -key Arch -value "zynq" -context "sdk\\\\hardware/1581420544012"
# webtalk_add_data -client sdk -key Device -value "7z020" -context "sdk\\\\hardware/1581420544012"
# webtalk_add_data -client sdk -key IsHandoff -value "true" -context "sdk\\\\hardware/1581420544012"
# webtalk_add_data -client sdk -key os -value "NA" -context "sdk\\\\hardware/1581420544012"
# webtalk_add_data -client sdk -key apptemplate -value "NA" -context "sdk\\\\hardware/1581420544012"
# webtalk_add_data -client sdk -key RecordType -value "HWCreation" -context "sdk\\\\hardware/1581420544012"
# webtalk_add_data -client sdk -key uid -value "1581420603067" -context "sdk\\\\hardware/1581420603067"
# webtalk_add_data -client sdk -key isZynq -value "true" -context "sdk\\\\hardware/1581420603067"
# webtalk_add_data -client sdk -key isZynqMP -value "false" -context "sdk\\\\hardware/1581420603067"
# webtalk_add_data -client sdk -key Processors -value "2" -context "sdk\\\\hardware/1581420603067"
# webtalk_add_data -client sdk -key VivadoVersion -value "2018.3" -context "sdk\\\\hardware/1581420603067"
# webtalk_add_data -client sdk -key Arch -value "zynq" -context "sdk\\\\hardware/1581420603067"
# webtalk_add_data -client sdk -key Device -value "7z020" -context "sdk\\\\hardware/1581420603067"
# webtalk_add_data -client sdk -key IsHandoff -value "true" -context "sdk\\\\hardware/1581420603067"
# webtalk_add_data -client sdk -key os -value "NA" -context "sdk\\\\hardware/1581420603067"
# webtalk_add_data -client sdk -key apptemplate -value "NA" -context "sdk\\\\hardware/1581420603067"
# webtalk_add_data -client sdk -key RecordType -value "HWCreation" -context "sdk\\\\hardware/1581420603067"
# webtalk_add_data -client sdk -key uid -value "1581420603360" -context "sdk\\\\bsp/1581420603360"
# webtalk_add_data -client sdk -key hwid -value "1581420603067" -context "sdk\\\\bsp/1581420603360"
# webtalk_add_data -client sdk -key os -value "standalone" -context "sdk\\\\bsp/1581420603360"
# webtalk_add_data -client sdk -key apptemplate -value "zynq_fsbl" -context "sdk\\\\bsp/1581420603360"
# webtalk_add_data -client sdk -key RecordType -value "BSPCreation" -context "sdk\\\\bsp/1581420603360"
# webtalk_add_data -client sdk -key uid -value "1581420613072" -context "sdk\\\\application/1581420613072"
# webtalk_add_data -client sdk -key hwid -value "1581420603067" -context "sdk\\\\application/1581420613072"
# webtalk_add_data -client sdk -key bspid -value "1581420603360" -context "sdk\\\\application/1581420613072"
# webtalk_add_data -client sdk -key newbsp -value "true" -context "sdk\\\\application/1581420613072"
# webtalk_add_data -client sdk -key os -value "standalone" -context "sdk\\\\application/1581420613072"
# webtalk_add_data -client sdk -key apptemplate -value "zynq_fsbl" -context "sdk\\\\application/1581420613072"
# webtalk_add_data -client sdk -key RecordType -value "APPCreation" -context "sdk\\\\application/1581420613072"
# webtalk_add_data -client sdk -key LangUsed -value "C" -context "sdk\\\\application/1581420613072"
# webtalk_add_data -client sdk -key Procused -value "ps7_cortexa9" -context "sdk\\\\application/1581420613072"
# webtalk_add_data -client sdk -key projSize -value "595.046875" -context "sdk\\\\application/1581420613072"
# webtalk_add_data -client sdk -key uid -value "1581420711235" -context "sdk\\\\bsp/1581420711235"
# webtalk_add_data -client sdk -key hwid -value "1581420603067" -context "sdk\\\\bsp/1581420711235"
# webtalk_add_data -client sdk -key os -value "standalone" -context "sdk\\\\bsp/1581420711235"
# webtalk_add_data -client sdk -key apptemplate -value "hello_world" -context "sdk\\\\bsp/1581420711235"
# webtalk_add_data -client sdk -key RecordType -value "BSPCreation" -context "sdk\\\\bsp/1581420711235"
# webtalk_add_data -client sdk -key uid -value "1581420712537" -context "sdk\\\\application/1581420712537"
# webtalk_add_data -client sdk -key hwid -value "1581420603067" -context "sdk\\\\application/1581420712537"
# webtalk_add_data -client sdk -key bspid -value "1581420711235" -context "sdk\\\\application/1581420712537"
# webtalk_add_data -client sdk -key newbsp -value "true" -context "sdk\\\\application/1581420712537"
# webtalk_add_data -client sdk -key os -value "standalone" -context "sdk\\\\application/1581420712537"
# webtalk_add_data -client sdk -key apptemplate -value "hello_world" -context "sdk\\\\application/1581420712537"
# webtalk_add_data -client sdk -key RecordType -value "APPCreation" -context "sdk\\\\application/1581420712537"
# webtalk_add_data -client sdk -key LangUsed -value "C" -context "sdk\\\\application/1581420712537"
# webtalk_add_data -client sdk -key Procused -value "ps7_cortexa9" -context "sdk\\\\application/1581420712537"
# webtalk_add_data -client sdk -key projSize -value "188.3125" -context "sdk\\\\application/1581420712537"
# webtalk_add_data -client sdk -key uid -value "NA" -context "sdk\\\\bsp/1581422121434"
# webtalk_add_data -client sdk -key RecordType -value "ToolUsage" -context "sdk\\\\bsp/1581422121434"
# webtalk_add_data -client sdk -key BootgenCount -value "1" -context "sdk\\\\bsp/1581422121434"
# webtalk_add_data -client sdk -key DebugCount -value "0" -context "sdk\\\\bsp/1581422121434"
# webtalk_add_data -client sdk -key PerfCount -value "0" -context "sdk\\\\bsp/1581422121434"
# webtalk_add_data -client sdk -key FlashCount -value "1" -context "sdk\\\\bsp/1581422121434"
# webtalk_add_data -client sdk -key CrossTriggCount -value "0" -context "sdk\\\\bsp/1581422121434"
# webtalk_add_data -client sdk -key QemuDebugCount -value "0" -context "sdk\\\\bsp/1581422121434"
# webtalk_transmit -clientid 571452996 -regid "" -xml E:\\Xilinx\\workspace\\PYNQ_Z2\\project_LCD_withZynq\\project_LCD.sdk\\webtalk\\usage_statistics_ext_sdk.xml -html E:\\Xilinx\\workspace\\PYNQ_Z2\\project_LCD_withZynq\\project_LCD.sdk\\webtalk\\usage_statistics_ext_sdk.html -wdm E:\\Xilinx\\workspace\\PYNQ_Z2\\project_LCD_withZynq\\project_LCD.sdk\\webtalk\\sdk_webtalk.wdm -intro "<H3>SDK Usage Report</H3><BR>"
# webtalk_terminate
INFO: [Common 17-206] Exiting Webtalk at Tue Feb 11 20:55:26 2020...
